<?xml version="1.0" encoding="UTF-8"?>
<!-- Generated by org.testng.reporters.JUnitReportReporter -->
<testsuite skipped="3" hostname="Muhammads-MBP" name="testPages.HomePageTest" tests="4" failures="0" timestamp="2022-09-26T21:18:45 EDT" time="6.490" errors="0">
  <testcase name="logInTest" time="6.490" classname="testPages.HomePageTest"/>
  <system-out/>
  <testcase name="logoTest" classname="testPages.HomePageTest">
    <skipped/>
  </testcase> <!-- logoTest -->
  <system-out/>
  <testcase name="searchBoxTest" classname="testPages.HomePageTest">
    <skipped/>
  </testcase> <!-- searchBoxTest -->
  <system-out/>
  <testcase name="coursebtnClickTest" classname="testPages.HomePageTest">
    <skipped/>
  </testcase> <!-- coursebtnClickTest -->
  <system-out/>
</testsuite> <!-- testPages.HomePageTest -->
