<?xml version="1.0" encoding="UTF-8"?>
<!-- Generated by org.testng.reporters.JUnitReportReporter -->
<testsuite skipped="12" hostname="Muhammads-MBP" name="testPages.HomePageTest" tests="13" failures="0" timestamp="2022-10-02T00:15:26 EDT" time="21.651" errors="0">
  <testcase name="used_of_setSpecificSizeOfWindow_method" time="21.651" classname="testPages.HomePageTest"/>
  <system-out/>
  <testcase name="used_of_sendKeys_method" classname="testPages.HomePageTest">
    <skipped/>
  </testcase> <!-- used_of_sendKeys_method -->
  <system-out/>
  <testcase name="logInTest" classname="testPages.HomePageTest">
    <skipped/>
  </testcase> <!-- logInTest -->
  <system-out/>
  <testcase name="used_of_sendKeys_and_Navigate_method_01" classname="testPages.HomePageTest">
    <skipped/>
  </testcase> <!-- used_of_sendKeys_and_Navigate_method_01 -->
  <system-out/>
  <testcase name="used_of_sendKeys_and_Navigate_method_02" classname="testPages.HomePageTest">
    <skipped/>
  </testcase> <!-- used_of_sendKeys_and_Navigate_method_02 -->
  <system-out/>
  <testcase name="used_of_getAttribute_Method" classname="testPages.HomePageTest">
    <skipped/>
  </testcase> <!-- used_of_getAttribute_Method -->
  <system-out/>
  <testcase name="logoTest" classname="testPages.HomePageTest">
    <skipped/>
  </testcase> <!-- logoTest -->
  <system-out/>
  <testcase name="signUpButtonTest" classname="testPages.HomePageTest">
    <skipped/>
  </testcase> <!-- signUpButtonTest -->
  <system-out/>
  <testcase name="coursebtnClickTest" classname="testPages.HomePageTest">
    <skipped/>
  </testcase> <!-- coursebtnClickTest -->
  <system-out/>
  <testcase name="used_of_sendKeys_and_Navigate_method_03" classname="testPages.HomePageTest">
    <skipped/>
  </testcase> <!-- used_of_sendKeys_and_Navigate_method_03 -->
  <system-out/>
  <testcase name="searchBoxTest" classname="testPages.HomePageTest">
    <skipped/>
  </testcase> <!-- searchBoxTest -->
  <system-out/>
  <testcase name="learnersButtonTest" classname="testPages.HomePageTest">
    <skipped/>
  </testcase> <!-- learnersButtonTest -->
  <system-out/>
  <testcase name="used_of_getURL_method" classname="testPages.HomePageTest">
    <skipped/>
  </testcase> <!-- used_of_getURL_method -->
  <system-out/>
</testsuite> <!-- testPages.HomePageTest -->
