<?xml version="1.0" encoding="UTF-8"?>
<!-- Generated by org.testng.reporters.JUnitReportReporter -->
<testsuite hostname="Muhammads-MBP" failures="0" tests="1" name="testPages.HomePageTest" time="2.804" errors="0" timestamp="2022-09-22T20:47:10 GMT-04:00" skipped="0">
  <testcase classname="testPages.HomePageTest" name="logoTest" time="2.804"/>
  <system-out/>
</testsuite> <!-- testPages.HomePageTest -->
